<?xml version="1.0" encoding="UTF-8"?>
<!-- Generated by org.testng.reporters.JUnitXMLReporter -->
<testsuite ignored="0" hostname="LAPTOP-R1SN0VU9" failures="0" tests="6" name="Test" time="35.376" errors="0" timestamp="14 Sep 2023 13:28:01 GMT">
  <testcase classname="com.tutorialsninja.qa.testcases.Login" name="verifyLoginWithInvalidCredentials" time="0.716"/>
  <testcase classname="com.tutorialsninja.qa.testcases.Registration" name="Register" time="1.709"/>
  <testcase classname="com.tutorialsninja.qa.testcases.Login" name="verifyLoginWithValidCredentials" time="0.0">
    <skipped/>
  </testcase> <!-- verifyLoginWithValidCredentials -->
  <testcase classname="com.tutorialsninja.qa.testcases.Search" name="verifyTheSearchForValidProduct" time="0.724"/>
  <testcase classname="com.tutorialsninja.qa.testcases.Registration" name="verifyRegistrationByProvidingAllTheFileds" time="1.504"/>
  <testcase classname="com.tutorialsninja.qa.testcases.Search" name="verifyTheSearchWithInvalidProduct" time="0.507"/>
</testsuite> <!-- Test -->
